{"level":"warn","message":"Ruta inexistente -> ruta: '/masdmoad' || método: 'GET'"}
{"level":"warn","message":"Ruta inexistente -> ruta: '/moadmoa' || método: 'GET'"}
{"level":"warn","message":"Ruta inexistente -> ruta: '/ddddd' || método: 'GET'"}
{"level":"warn","message":"Ruta inexistente -> ruta: '/A' || método: 'GET'"}
{"level":"warn","message":"Ruta inexistente -> ruta: '/sdasdada' || método: 'GET'"}
{"level":"warn","message":"Ruta inexistente -> ruta: '/masdmoad' || método: 'GET'"}
{"level":"warn","message":"Ruta inexistente -> ruta: '/moadmoa' || método: 'GET'"}
{"level":"warn","message":"Ruta inexistente -> ruta: '/ddddd' || método: 'GET'"}
{"level":"warn","message":"Ruta inexistente -> ruta: '/A' || método: 'GET'"}
{"level":"warn","message":"Ruta inexistente -> ruta: '/sdasdada' || método: 'GET'"}
{"level":"warn","message":"Ruta inexistente -> ruta: '/dddd' || método: 'GET'"}
{"level":"warn","message":"Ruta inexistente -> ruta: '/masdmoad' || método: 'GET'"}
{"level":"warn","message":"Ruta inexistente -> ruta: '/moadmoa' || método: 'GET'"}
{"level":"warn","message":"Ruta inexistente -> ruta: '/ddddd' || método: 'GET'"}
{"level":"warn","message":"Ruta inexistente -> ruta: '/A' || método: 'GET'"}
{"level":"warn","message":"Ruta inexistente -> ruta: '/sdasdada' || método: 'GET'"}
{"level":"warn","message":"Ruta inexistente -> ruta: '/dddd' || método: 'GET'"}
{"level":"warn","message":"Ruta inexistente -> ruta: '/favicon.ico' || método: 'GET'"}
{"level":"warn","message":"Ruta inexistente -> ruta: '/json/version' || método: 'GET'"}
{"level":"warn","message":"Ruta inexistente -> ruta: '/json/version' || método: 'GET'"}
{"level":"warn","message":"Ruta inexistente -> ruta: '/json/version' || método: 'GET'"}
{"level":"warn","message":"Ruta inexistente -> ruta: '/json' || método: 'GET'"}
{"level":"warn","message":"Ruta inexistente -> ruta: '/json/version' || método: 'GET'"}
{"level":"warn","message":"Ruta inexistente -> ruta: '/json/version' || método: 'GET'"}
{"level":"warn","message":"Ruta inexistente -> ruta: '/json/version' || método: 'GET'"}
{"level":"warn","message":"Ruta inexistente -> ruta: '/json/version' || método: 'GET'"}
{"level":"warn","message":"Ruta inexistente -> ruta: '/json/version' || método: 'GET'"}
{"level":"warn","message":"Ruta inexistente -> ruta: '/json' || método: 'GET'"}
{"level":"warn","message":"Ruta inexistente -> ruta: '/json/version' || método: 'GET'"}
{"level":"warn","message":"Ruta inexistente -> ruta: '/json/version' || método: 'GET'"}
{"level":"warn","message":"Ruta inexistente -> ruta: '/json/version' || método: 'GET'"}
{"level":"warn","message":"Ruta inexistente -> ruta: '/json/version' || método: 'GET'"}
{"level":"warn","message":"Ruta inexistente -> ruta: '/json/version' || método: 'GET'"}
{"level":"warn","message":"Ruta inexistente -> ruta: '/json' || método: 'GET'"}
{"level":"warn","message":"Ruta inexistente -> ruta: '/json/version' || método: 'GET'"}
{"level":"warn","message":"Ruta inexistente -> ruta: '/json/version' || método: 'GET'"}
{"level":"warn","message":"Ruta inexistente -> ruta: '/json/version' || método: 'GET'"}
{"level":"warn","message":"Ruta inexistente -> ruta: '/json' || método: 'GET'"}
{"level":"warn","message":"Ruta inexistente -> ruta: '/json' || método: 'GET'"}
{"level":"warn","message":"Ruta inexistente -> ruta: '/json' || método: 'GET'"}
{"level":"warn","message":"Ruta inexistente -> ruta: '/json/version' || método: 'GET'"}
{"level":"warn","message":"Ruta inexistente -> ruta: '/json/version' || método: 'GET'"}
{"level":"warn","message":"Ruta inexistente -> ruta: '/json/version' || método: 'GET'"}
{"level":"warn","message":"Ruta inexistente -> ruta: '/json/version' || método: 'GET'"}
