{"level":"warn","message":"Ruta inexistente -> ruta: '/favicon.ico' || método: 'GET'"}
{"level":"warn","message":"Ruta inexistente -> ruta: '/favicon.ico' || método: 'GET'"}
{"level":"warn","message":"Ruta inexistente -> ruta: '/favicon.ico' || método: 'GET'"}
{"level":"warn","message":"Ruta inexistente -> ruta: '/favicon.ico' || método: 'GET'"}
{"level":"warn","message":"Ruta inexistente -> ruta: '/favicon.ico' || método: 'GET'"}
{"level":"warn","message":"Ruta inexistente -> ruta: '/favicon.ico' || método: 'GET'"}
{"level":"warn","message":"Ruta inexistente -> ruta: '/favicon.ico' || método: 'GET'"}
{"level":"warn","message":"Ruta inexistente -> ruta: '/favicon.ico' || método: 'GET'"}
{"level":"warn","message":"Ruta inexistente -> ruta: '/favicon.ico' || método: 'GET'"}
{"level":"warn","message":"Ruta inexistente -> ruta: '/favicon.ico' || método: 'GET'"}
{"level":"warn","message":"Ruta inexistente -> ruta: '/favicon.ico' || método: 'GET'"}
{"level":"warn","message":"Ruta inexistente -> ruta: '/ndsdnasa' || método: 'GET'"}
{"level":"warn","message":"Ruta inexistente -> ruta: '/favicon.ico' || método: 'GET'"}
{"level":"warn","message":"Ruta inexistente -> ruta: '/favicon.ico' || método: 'GET'"}
{"level":"warn","message":"Ruta inexistente -> ruta: '/ndsdnasa' || método: 'GET'"}
{"level":"warn","message":"Ruta inexistente -> ruta: '/favicon.ico' || método: 'GET'"}
{"level":"warn","message":"Ruta inexistente -> ruta: '/favicon.ico' || método: 'GET'"}
{"level":"warn","message":"Ruta inexistente -> ruta: '/favicon.ico' || método: 'GET'"}
{"level":"warn","message":"Ruta inexistente -> ruta: '/favicon.ico' || método: 'GET'"}
{"level":"warn","message":"Ruta inexistente -> ruta: '/ddddd' || método: 'GET'"}
{"level":"warn","message":"Ruta inexistente -> ruta: '/favicon.ico' || método: 'GET'"}
{"level":"warn","message":"Ruta inexistente -> ruta: '/favicon.ico' || método: 'GET'"}
{"level":"warn","message":"Ruta inexistente -> ruta: '/favicon.ico' || método: 'GET'"}
{"level":"warn","message":"Ruta inexistente -> ruta: '/sdasdada' || método: 'GET'"}
{"level":"warn","message":"Ruta inexistente -> ruta: '/favicon.ico' || método: 'GET'"}
{"level":"warn","message":"Ruta inexistente -> ruta: '/sdasdada' || método: 'GET'"}
{"level":"warn","message":"Ruta inexistente -> ruta: '/favicon.ico' || método: 'GET'"}
{"level":"warn","message":"Ruta inexistente -> ruta: '/favicon.ico' || método: 'GET'"}
{"level":"warn","message":"Ruta inexistente -> ruta: '/sdasdada' || método: 'GET'"}
{"level":"warn","message":"Ruta inexistente -> ruta: '/favicon.ico' || método: 'GET'"}
{"level":"warn","message":"Ruta inexistente -> ruta: '/favicon.ico' || método: 'GET'"}
{"level":"warn","message":"Ruta inexistente -> ruta: '/favicon.ico' || método: 'GET'"}
{"level":"warn","message":"Ruta inexistente -> ruta: '/favicon.ico' || método: 'GET'"}
{"level":"warn","message":"Ruta inexistente -> ruta: '/favicon.ico' || método: 'GET'"}
{"level":"warn","message":"Ruta inexistente -> ruta: '/favicon.ico' || método: 'GET'"}
{"level":"warn","message":"Ruta inexistente -> ruta: '/favicon.ico' || método: 'GET'"}
{"level":"warn","message":"Ruta inexistente -> ruta: '/favicon.ico' || método: 'GET'"}
{"level":"warn","message":"Ruta inexistente -> ruta: '/dskldadd' || método: 'GET'"}
{"level":"warn","message":"Ruta inexistente -> ruta: '/favicon.ico' || método: 'GET'"}
{"level":"warn","message":"Ruta inexistente -> ruta: '/favicon.ico' || método: 'GET'"}
{"level":"warn","message":"Ruta inexistente -> ruta: '/favicon.ico' || método: 'GET'"}
{"level":"warn","message":"Ruta inexistente -> ruta: '/favicon.ico' || método: 'GET'"}
{"level":"warn","message":"Ruta inexistente -> ruta: '/dsdasda' || método: 'GET'"}
{"level":"warn","message":"Ruta inexistente -> ruta: '/favicon.ico' || método: 'GET'"}
{"level":"warn","message":"Ruta inexistente -> ruta: '/favicon.ico' || método: 'GET'"}
{"level":"warn","message":"Ruta inexistente -> ruta: '/nodsda' || método: 'GET'"}
{"level":"warn","message":"Ruta inexistente -> ruta: '/favicon.ico' || método: 'GET'"}
{"level":"warn","message":"Ruta inexistente -> ruta: '/favicon.ico' || método: 'GET'"}
{"level":"warn","message":"Ruta inexistente -> ruta: '/favicon.ico' || método: 'GET'"}
{"level":"warn","message":"Ruta inexistente -> ruta: '/favicon.ico' || método: 'GET'"}
{"level":"warn","message":"Ruta inexistente -> ruta: '/favicon.ico' || método: 'GET'"}
{"level":"warn","message":"Ruta inexistente -> ruta: '/favicon.ico' || método: 'GET'"}
{"level":"warn","message":"Ruta inexistente -> ruta: '/favicon.ico' || método: 'GET'"}
{"level":"warn","message":"Ruta inexistente -> ruta: '/favicon.ico' || método: 'GET'"}
{"level":"warn","message":"Ruta inexistente -> ruta: '/favicon.ico' || método: 'GET'"}
{"level":"warn","message":"Ruta inexistente -> ruta: '/alt=%22Avatar' || método: 'GET'"}
{"level":"warn","message":"Ruta inexistente -> ruta: '/favicon.ico' || método: 'GET'"}
{"level":"warn","message":"Ruta inexistente -> ruta: '/favicon.ico' || método: 'GET'"}
{"level":"warn","message":"Ruta inexistente -> ruta: '/alt=%22Avatar' || método: 'GET'"}
{"level":"warn","message":"Ruta inexistente -> ruta: '/favicon.ico' || método: 'GET'"}
{"level":"warn","message":"Ruta inexistente -> ruta: '/alt=%22Avatar' || método: 'GET'"}
{"level":"warn","message":"Ruta inexistente -> ruta: '/favicon.ico' || método: 'GET'"}
{"level":"warn","message":"Ruta inexistente -> ruta: '/alt=%22Avatar' || método: 'GET'"}
{"level":"warn","message":"Ruta inexistente -> ruta: '/favicon.ico' || método: 'GET'"}
{"level":"warn","message":"Ruta inexistente -> ruta: '/alt=%22Avatar' || método: 'GET'"}
